<?xml version="1.0" encoding="UTF-8"?>
<testsuite xmlns:xsi="http://www.w3.org/2001/XMLSchema-instance" xsi:noNamespaceSchemaLocation="https://maven.apache.org/surefire/maven-surefire-plugin/xsd/surefire-test-report.xsd" name="edu.udacity.java.nano.ChatTest" time="4.365" tests="4" errors="0" skipped="0" failures="0">
  <properties>
[...]
</properties>
  <testcase name="test1" classname="edu.udacity.java.nano.ChatTest" time="1.242"/>
  <testcase name="test2" classname="edu.udacity.java.nano.ChatTest" time="0.047"/>
  <testcase name="test3" classname="edu.udacity.java.nano.ChatTest" time="0.153"/>
  <testcase name="test4" classname="edu.udacity.java.nano.ChatTest" time="0.245"/>
</testsuite>